Build started 24/10/2011 00:50:29.
     1>Project "C:\Users\Tim\documents\visual studio 2010\Projects\mash16\mash16\mash16.vcxproj" on node 2 (build target(s)).
     1>InitializeBuildStatus:
         Touching "Debug\mash16.unsuccessfulbuild".
       ClCompile:
         c:\Program Files (x86)\Microsoft Visual Studio\VC\bin\CL.exe /c /ZI /nologo /W3 /WX- /Od /Oy- /D _MBCS /Gm /EHsc /RTC1 /MDd /GS /fp:precise /Zc:wchar_t /Zc:forScope /Fo"Debug\\" /Fd"Debug\vc100.pdb" /Gd /TP /analyze- /errorReport:prompt CPU/InterpCPU.cpp
         InterpCPU.cpp
       Link:
         c:\Program Files (x86)\Microsoft Visual Studio\VC\bin\link.exe /ERRORREPORT:PROMPT /OUT:"C:\Users\Tim\documents\visual studio 2010\Projects\mash16\Debug\mash16.exe" /NOLOGO kernel32.lib user32.lib gdi32.lib winspool.lib comdlg32.lib advapi32.lib shell32.lib ole32.lib oleaut32.lib uuid.lib odbc32.lib odbccp32.lib /MANIFEST /ManifestFile:"Debug\mash16.exe.intermediate.manifest" /MANIFESTUAC:"level='asInvoker' uiAccess='false'" /DEBUG /PDB:"C:\Users\Tim\documents\visual studio 2010\Projects\mash16\Debug\mash16.pdb" /TLBID:1 /DYNAMICBASE /NXCOMPAT /IMPLIB:"C:\Users\Tim\documents\visual studio 2010\Projects\mash16\Debug\mash16.lib" /MACHINE:X86 Debug\CPU.obj
         Debug\DynarecCPU.obj
         Debug\GPU.obj
         Debug\SfmlGPU.obj
         Debug\InterpCPU.obj
         Debug\main.obj
         LINK : C:\Users\Tim\documents\visual studio 2010\Projects\mash16\Debug\mash16.exe not found or not built by the last incremental link; performing full link
         mash16.vcxproj -> C:\Users\Tim\documents\visual studio 2010\Projects\mash16\Debug\mash16.exe
       Manifest:
         C:\Program Files (x86)\Microsoft SDKs\Windows\v7.0A\bin\mt.exe /nologo /verbose /outputresource:"C:\Users\Tim\documents\visual studio 2010\Projects\mash16\Debug\mash16.exe;#1" /manifest Debug\mash16.exe.intermediate.manifest
       FinalizeBuildStatus:
         Deleting file "Debug\mash16.unsuccessfulbuild".
         Touching "Debug\mash16.lastbuildstate".
     1>Done Building Project "C:\Users\Tim\documents\visual studio 2010\Projects\mash16\mash16\mash16.vcxproj" (build target(s)).

Build succeeded.

Time Elapsed 00:00:00.63
